mktextfm ec-lmr10+20
mktextfm ec-lmr10-20
mktextfm rm-lmr10+20
mktextfm rm-lmr10-20
mktextfm rm-lmss10+20
mktextfm rm-lmss10-20
mktextfm ec-lmss10+20
mktextfm ec-lmss10-20
mktextfm rm-lmr10+20
mktextfm rm-lmr10-20
mktextfm rm-lmss10+20
mktextfm rm-lmss10-20
mktextfm ec-lmr10+20
mktextfm ec-lmr10-20
mktextfm ec-lmr12+20
mktextfm ec-lmr12-20
mktextfm ec-lmri10+20
mktextfm ec-lmri10-20
mktextfm ec-lmro10+20
mktextfm ec-lmro10-20
mktextfm ec-lmr10+20
mktextfm ec-lmr10-20
mktextfm rm-lmr10+20
mktextfm rm-lmr10-20
mktextfm rm-lmss10+20
mktextfm rm-lmss10-20
mktextfm ec-lmss10+20
mktextfm ec-lmss10-20
mktextfm rm-lmr10+20
mktextfm rm-lmr10-20
mktextfm rm-lmss10+20
mktextfm rm-lmss10-20
mktextfm ec-lmr10+20
mktextfm ec-lmr10-20
mktextfm ec-lmr12+20
mktextfm ec-lmr12-20
mktextfm ec-lmri10+20
mktextfm ec-lmri10-20
mktextfm ec-lmro10+20
mktextfm ec-lmro10-20
